<?xml version="1.0" encoding="UTF-8"?>
<!DOCTYPE html PUBLIC "-//W3C//DTD XHTML 1.0 Strict//EN" "http://www.w3.org/TR/xhtml1/DTD/xhtml1-strict.dtd">
<html xmlns="http://www.w3.org/1999/xhtml">
<head>
    <title>School Infra Report Functional Test Report</title>
    <meta name="generator" content="HTMLTestRunner 0.8.2"/>
    <meta http-equiv="Content-Type" content="text/html; charset=UTF-8"/>
    
<style type="text/css" media="screen">
body        { font-family: verdana, arial, helvetica, sans-serif; font-size: 80%; }
table       { font-size: 100%; }
pre         { }

/* -- heading ---------------------------------------------------------------------- */
h1 {
	font-size: 16pt;
	color: gray;
}
.heading {
    margin-top: 0ex;
    margin-bottom: 1ex;
}

.heading .attribute {
    margin-top: 1ex;
    margin-bottom: 0;
}

.heading .description {
    margin-top: 4ex;
    margin-bottom: 6ex;
}

/* -- css div popup ------------------------------------------------------------------------ */
a.popup_link {
}

a.popup_link:hover {
    color: red;
}

.popup_window {
    display: none;
    position: relative;
    left: 0px;
    top: 0px;
    /*border: solid #627173 1px; */
    padding: 10px;
    background-color: #E6E6D6;
    font-family: "Lucida Console", "Courier New", Courier, monospace;
    text-align: left;
    font-size: 8pt;
    width: 500px;
}

}
/* -- report ------------------------------------------------------------------------ */
#show_detail_line {
    margin-top: 3ex;
    margin-bottom: 1ex;
}
#result_table {
    width: 80%;
    border-collapse: collapse;
    border: 1px solid #777;
}
#header_row {
    font-weight: bold;
    color: white;
    background-color: #777;
}
#result_table td {
    border: 1px solid #777;
    padding: 2px;
}
#total_row  { font-weight: bold; }
.passClass  { background-color: #6c6; }
.failClass  { background-color: #c60; }
.errorClass { background-color: #c00; }
.passCase   { color: #6c6; }
.failCase   { color: #c60; font-weight: bold; }
.errorCase  { color: #c00; font-weight: bold; }
.hiddenRow  { display: none; }
.testcase   { margin-left: 2em; }


/* -- ending ---------------------------------------------------------------------- */
#ending {
}

</style>

</head>
<body>
<script language="javascript" type="text/javascript"><!--
output_list = Array();

/* level - 0:Summary; 1:Failed; 2:All */
function showCase(level) {
    trs = document.getElementsByTagName("tr");
    for (var i = 0; i < trs.length; i++) {
        tr = trs[i];
        id = tr.id;
        if (id.substr(0,2) == 'ft') {
            if (level < 1) {
                tr.className = 'hiddenRow';
            }
            else {
                tr.className = '';
            }
        }
        if (id.substr(0,2) == 'pt') {
            if (level > 1) {
                tr.className = '';
            }
            else {
                tr.className = 'hiddenRow';
            }
        }
    }
}


function showClassDetail(cid, count) {
    var id_list = Array(count);
    var toHide = 1;
    for (var i = 0; i < count; i++) {
        tid0 = 't' + cid.substr(1) + '.' + (i+1);
        tid = 'f' + tid0;
        tr = document.getElementById(tid);
        if (!tr) {
            tid = 'p' + tid0;
            tr = document.getElementById(tid);
        }
        id_list[i] = tid;
        if (tr.className) {
            toHide = 0;
        }
    }
    for (var i = 0; i < count; i++) {
        tid = id_list[i];
        if (toHide) {
            document.getElementById('div_'+tid).style.display = 'none'
            document.getElementById(tid).className = 'hiddenRow';
        }
        else {
            document.getElementById(tid).className = '';
        }
    }
}


function showTestDetail(div_id){
    var details_div = document.getElementById(div_id)
    var displayState = details_div.style.display
    // alert(displayState)
    if (displayState != 'block' ) {
        displayState = 'block'
        details_div.style.display = 'block'
    }
    else {
        details_div.style.display = 'none'
    }
}


function html_escape(s) {
    s = s.replace(/&/g,'&amp;');
    s = s.replace(/</g,'&lt;');
    s = s.replace(/>/g,'&gt;');
    return s;
}

/* obsoleted by detail in <div>
function showOutput(id, name) {
    var w = window.open("", //url
                    name,
                    "resizable,scrollbars,status,width=800,height=450");
    d = w.document;
    d.write("<pre>");
    d.write(html_escape(output_list[id]));
    d.write("\n");
    d.write("<a href='javascript:window.close()'>close</a>\n");
    d.write("</pre>\n");
    d.close();
}
*/
--></script>

<div class='heading'>
<h1>School Infra Report Functional Test Report</h1>
<p class='attribute'><strong>Start Time:</strong> 2020-07-09 14:55:22</p>
<p class='attribute'><strong>Duration:</strong> 0:06:16.773323</p>
<p class='attribute'><strong>Status:</strong> Pass 2 Error 19</p>

<p class='description'></p>
</div>



<p id='show_detail_line'>Show
<a href='javascript:showCase(0)'>Summary</a>
<a href='javascript:showCase(1)'>Failed</a>
<a href='javascript:showCase(2)'>All</a>
</p>
<table id='result_table'>
<colgroup>
<col align='left' />
<col align='right' />
<col align='right' />
<col align='right' />
<col align='right' />
<col align='right' />
</colgroup>
<tr id='header_row'>
    <td>Test Group/Test case</td>
    <td>Count</td>
    <td>Pass</td>
    <td>Fail</td>
    <td>Error</td>
    <td>View</td>
</tr>

<tr class='errorClass'>
    <td>SI.Report.School_report_functional_testing.cQube_SI_Report</td>
    <td>21</td>
    <td>2</td>
    <td>0</td>
    <td>19</td>
    <td><a href="javascript:showClassDetail('c1',21)">Detail</a></td>
</tr>

<tr id='ft1.1' class='none'>
    <td class='errorCase'><div class='testcase'>test_blockwise_from_selectbox</div></td>
    <td colspan='5' align='center'>

    <!--css div popup start-->
    <a class="popup_link" onfocus='this.blur();' href="javascript:showTestDetail('div_ft1.1')" >
        error</a>

    <div id='div_ft1.1' class="popup_window">
        <div style='text-align: right; color:red;cursor:pointer'>
        <a onfocus='this.blur();' onclick="document.getElementById('div_ft1.1').style.display = 'none' " >
           [x]</a>
        </div>
        <pre>
        
ft1.1: District Jamnagar csv is not downloaded
District Junagadh csv is not downloaded
District Kheda csv is not downloaded
District Mahisagar csv is not downloaded
District Navsari csv is not downloaded
Traceback (most recent call last):
  File "/home/chetan/Desktop/cQube/cQubeTesting/SI/Report/School_report_functional_testing.py", line 54, in test_blockwise_from_selectbox
    res = b.test_each_district()
  File "/home/chetan/Desktop/cQube/cQubeTesting/SI/Report/check_block_per_district_csv_download.py", line 25, in test_each_district
    self.driver.find_element_by_id('download').click()
  File "/home/chetan/PycharmProjects/cQubeTesting/venv/lib/python3.5/site-packages/selenium/webdriver/remote/webelement.py", line 80, in click
    self._execute(Command.CLICK_ELEMENT)
  File "/home/chetan/PycharmProjects/cQubeTesting/venv/lib/python3.5/site-packages/selenium/webdriver/remote/webelement.py", line 633, in _execute
    return self._parent.execute(command, params)
  File "/home/chetan/PycharmProjects/cQubeTesting/venv/lib/python3.5/site-packages/selenium/webdriver/remote/webdriver.py", line 321, in execute
    self.error_handler.check_response(response)
  File "/home/chetan/PycharmProjects/cQubeTesting/venv/lib/python3.5/site-packages/selenium/webdriver/remote/errorhandler.py", line 242, in check_response
    raise exception_class(message, screen, stacktrace)
selenium.common.exceptions.ElementClickInterceptedException: Message: element click intercepted: Element &lt;em _ngcontent-lfp-c58="" title="Download Report" id="download" class="fa fa-download ng-star-inserted" style="cursor: pointer; font-size: 27px; float: right; margin: 5px 0px 0px 8px; color: rgb(39, 194, 233);"&gt;&lt;/em&gt; is not clickable at point (771, 53). Other element would receive the click: &lt;div _ngcontent-lfp-c58="" id="loader" class="loading"&gt;...&lt;/div&gt;
  (Session info: headless chrome=83.0.4103.116)



        </pre>
    </div>
    <!--css div popup end-->

    </td>
</tr>

<tr id='ft1.2' class='none'>
    <td class='errorCase'><div class='testcase'>test_blockwise_graph</div></td>
    <td colspan='5' align='center'>

    <!--css div popup start-->
    <a class="popup_link" onfocus='this.blur();' href="javascript:showTestDetail('div_ft1.2')" >
        error</a>

    <div id='div_ft1.2' class="popup_window">
        <div style='text-align: right; color:red;cursor:pointer'>
        <a onfocus='this.blur();' onclick="document.getElementById('div_ft1.2').style.display = 'none' " >
           [x]</a>
        </div>
        <pre>
        
ft1.2: Traceback (most recent call last):
  File "/home/chetan/Desktop/cQube/cQubeTesting/SI/Report/School_report_functional_testing.py", line 323, in test_blockwise_graph
    res = b.test_blockwise_graph()
  File "/home/chetan/Desktop/cQube/cQubeTesting/SI/Report/check_blockwise_graph.py", line 17, in test_blockwise_graph
    self.driver.find_element_by_xpath(Data.hyper).click()
  File "/home/chetan/PycharmProjects/cQubeTesting/venv/lib/python3.5/site-packages/selenium/webdriver/remote/webelement.py", line 80, in click
    self._execute(Command.CLICK_ELEMENT)
  File "/home/chetan/PycharmProjects/cQubeTesting/venv/lib/python3.5/site-packages/selenium/webdriver/remote/webelement.py", line 633, in _execute
    return self._parent.execute(command, params)
  File "/home/chetan/PycharmProjects/cQubeTesting/venv/lib/python3.5/site-packages/selenium/webdriver/remote/webdriver.py", line 321, in execute
    self.error_handler.check_response(response)
  File "/home/chetan/PycharmProjects/cQubeTesting/venv/lib/python3.5/site-packages/selenium/webdriver/remote/errorhandler.py", line 242, in check_response
    raise exception_class(message, screen, stacktrace)
selenium.common.exceptions.ElementClickInterceptedException: Message: element click intercepted: Element &lt;span _ngcontent-lfp-c58="" style="cursor: pointer; text-decoration: underline;"&gt;...&lt;/span&gt; is not clickable at point (298, 47). Other element would receive the click: &lt;div _ngcontent-lfp-c58="" id="loader" class="loading"&gt;...&lt;/div&gt;
  (Session info: headless chrome=83.0.4103.116)



        </pre>
    </div>
    <!--css div popup end-->

    </td>
</tr>

<tr id='ft1.3' class='none'>
    <td class='errorCase'><div class='testcase'>test_check_hyperlinks</div></td>
    <td colspan='5' align='center'>

    <!--css div popup start-->
    <a class="popup_link" onfocus='this.blur();' href="javascript:showTestDetail('div_ft1.3')" >
        error</a>

    <div id='div_ft1.3' class="popup_window">
        <div style='text-align: right; color:red;cursor:pointer'>
        <a onfocus='this.blur();' onclick="document.getElementById('div_ft1.3').style.display = 'none' " >
           [x]</a>
        </div>
        <pre>
        
ft1.3: Traceback (most recent call last):
  File "/home/chetan/Desktop/cQube/cQubeTesting/SI/Report/School_report_functional_testing.py", line 110, in test_check_hyperlinks
    result1, result2, choose_dist = hyperlinks.click_on_hyperlinks()
  File "/home/chetan/Desktop/cQube/cQubeTesting/SI/Report/check_with_hyperlink.py", line 16, in click_on_hyperlinks
    self.driver.find_element_by_xpath(Data.hyper_link).click()
  File "/home/chetan/PycharmProjects/cQubeTesting/venv/lib/python3.5/site-packages/selenium/webdriver/remote/webelement.py", line 80, in click
    self._execute(Command.CLICK_ELEMENT)
  File "/home/chetan/PycharmProjects/cQubeTesting/venv/lib/python3.5/site-packages/selenium/webdriver/remote/webelement.py", line 633, in _execute
    return self._parent.execute(command, params)
  File "/home/chetan/PycharmProjects/cQubeTesting/venv/lib/python3.5/site-packages/selenium/webdriver/remote/webdriver.py", line 321, in execute
    self.error_handler.check_response(response)
  File "/home/chetan/PycharmProjects/cQubeTesting/venv/lib/python3.5/site-packages/selenium/webdriver/remote/errorhandler.py", line 242, in check_response
    raise exception_class(message, screen, stacktrace)
selenium.common.exceptions.ElementClickInterceptedException: Message: element click intercepted: Element &lt;span _ngcontent-lfp-c58="" style="cursor: pointer; text-decoration: underline;"&gt;...&lt;/span&gt; is not clickable at point (298, 47). Other element would receive the click: &lt;div _ngcontent-lfp-c58="" id="loader" class="loading"&gt;...&lt;/div&gt;
  (Session info: headless chrome=83.0.4103.116)



        </pre>
    </div>
    <!--css div popup end-->

    </td>
</tr>

<tr id='ft1.4' class='none'>
    <td class='errorCase'><div class='testcase'>test_check_orderwise</div></td>
    <td colspan='5' align='center'>

    <!--css div popup start-->
    <a class="popup_link" onfocus='this.blur();' href="javascript:showTestDetail('div_ft1.4')" >
        error</a>

    <div id='div_ft1.4' class="popup_window">
        <div style='text-align: right; color:red;cursor:pointer'>
        <a onfocus='this.blur();' onclick="document.getElementById('div_ft1.4').style.display = 'none' " >
           [x]</a>
        </div>
        <pre>
        
ft1.4: Table record order wise..
Traceback (most recent call last):
  File "/home/chetan/Desktop/cQube/cQubeTesting/SI/Report/School_report_functional_testing.py", line 218, in test_check_orderwise
    res = b.test_tablevalue()
  File "/home/chetan/Desktop/cQube/cQubeTesting/SI/Report/click_on_table_and_check_with_orderof_values.py", line 13, in test_tablevalue
    self.driver.find_element_by_xpath(Data.hyper).click()
  File "/home/chetan/PycharmProjects/cQubeTesting/venv/lib/python3.5/site-packages/selenium/webdriver/remote/webelement.py", line 80, in click
    self._execute(Command.CLICK_ELEMENT)
  File "/home/chetan/PycharmProjects/cQubeTesting/venv/lib/python3.5/site-packages/selenium/webdriver/remote/webelement.py", line 633, in _execute
    return self._parent.execute(command, params)
  File "/home/chetan/PycharmProjects/cQubeTesting/venv/lib/python3.5/site-packages/selenium/webdriver/remote/webdriver.py", line 321, in execute
    self.error_handler.check_response(response)
  File "/home/chetan/PycharmProjects/cQubeTesting/venv/lib/python3.5/site-packages/selenium/webdriver/remote/errorhandler.py", line 242, in check_response
    raise exception_class(message, screen, stacktrace)
selenium.common.exceptions.ElementClickInterceptedException: Message: element click intercepted: Element &lt;span _ngcontent-lfp-c58="" style="cursor: pointer; text-decoration: underline;"&gt;...&lt;/span&gt; is not clickable at point (298, 47). Other element would receive the click: &lt;div _ngcontent-lfp-c58="" id="loader" class="loading"&gt;...&lt;/div&gt;
  (Session info: headless chrome=83.0.4103.116)



        </pre>
    </div>
    <!--css div popup end-->

    </td>
</tr>

<tr id='pt1.5' class='hiddenRow'>
    <td class='none'><div class='testcase'>test_cluster_home</div></td>
    <td colspan='5' align='center'>

    <!--css div popup start-->
    <a class="popup_link" onfocus='this.blur();' href="javascript:showTestDetail('div_pt1.5')" >
        pass</a>

    <div id='div_pt1.5' class="popup_window">
        <div style='text-align: right; color:red;cursor:pointer'>
        <a onfocus='this.blur();' onclick="document.getElementById('div_pt1.5').style.display = 'none' " >
           [x]</a>
        </div>
        <pre>
        
pt1.5: School infra report page


        </pre>
    </div>
    <!--css div popup end-->

    </td>
</tr>

<tr id='ft1.6' class='none'>
    <td class='errorCase'><div class='testcase'>test_clusterwise_graph</div></td>
    <td colspan='5' align='center'>

    <!--css div popup start-->
    <a class="popup_link" onfocus='this.blur();' href="javascript:showTestDetail('div_ft1.6')" >
        error</a>

    <div id='div_ft1.6' class="popup_window">
        <div style='text-align: right; color:red;cursor:pointer'>
        <a onfocus='this.blur();' onclick="document.getElementById('div_ft1.6').style.display = 'none' " >
           [x]</a>
        </div>
        <pre>
        
ft1.6: Traceback (most recent call last):
  File "/home/chetan/Desktop/cQube/cQubeTesting/SI/Report/School_report_functional_testing.py", line 337, in test_clusterwise_graph
    res = b.test_clusterwise_graph()
  File "/home/chetan/Desktop/cQube/cQubeTesting/SI/Report/check_clusterwise_graph.py", line 36, in test_clusterwise_graph
    yaxis.select_by_index(j)
  File "/home/chetan/PycharmProjects/cQubeTesting/venv/lib/python3.5/site-packages/selenium/webdriver/support/select.py", line 103, in select_by_index
    raise NoSuchElementException("Could not locate element with index %d" % index)
selenium.common.exceptions.NoSuchElementException: Message: Could not locate element with index 6



        </pre>
    </div>
    <!--css div popup end-->

    </td>
</tr>

<tr id='pt1.7' class='hiddenRow'>
    <td class='none'><div class='testcase'>test_dashboard</div></td>
    <td colspan='5' align='center'>pass</td>
</tr>

<tr id='ft1.8' class='none'>
    <td class='errorCase'><div class='testcase'>test_districtwise_csv</div></td>
    <td colspan='5' align='center'>

    <!--css div popup start-->
    <a class="popup_link" onfocus='this.blur();' href="javascript:showTestDetail('div_ft1.8')" >
        error</a>

    <div id='div_ft1.8' class="popup_window">
        <div style='text-align: right; color:red;cursor:pointer'>
        <a onfocus='this.blur();' onclick="document.getElementById('div_ft1.8').style.display = 'none' " >
           [x]</a>
        </div>
        <pre>
        
ft1.8: Traceback (most recent call last):
  File "/home/chetan/Desktop/cQube/cQubeTesting/SI/Report/School_report_functional_testing.py", line 170, in test_districtwise_csv
    res = b.test_donwload()
  File "/home/chetan/Desktop/cQube/cQubeTesting/SI/Report/click_on_district_and_click_download.py", line 23, in test_donwload
    self.driver.find_element_by_id(Data.Download).click()
  File "/home/chetan/PycharmProjects/cQubeTesting/venv/lib/python3.5/site-packages/selenium/webdriver/remote/webelement.py", line 80, in click
    self._execute(Command.CLICK_ELEMENT)
  File "/home/chetan/PycharmProjects/cQubeTesting/venv/lib/python3.5/site-packages/selenium/webdriver/remote/webelement.py", line 633, in _execute
    return self._parent.execute(command, params)
  File "/home/chetan/PycharmProjects/cQubeTesting/venv/lib/python3.5/site-packages/selenium/webdriver/remote/webdriver.py", line 321, in execute
    self.error_handler.check_response(response)
  File "/home/chetan/PycharmProjects/cQubeTesting/venv/lib/python3.5/site-packages/selenium/webdriver/remote/errorhandler.py", line 242, in check_response
    raise exception_class(message, screen, stacktrace)
selenium.common.exceptions.ElementClickInterceptedException: Message: element click intercepted: Element &lt;em _ngcontent-lfp-c58="" title="Download Report" id="download" class="fa fa-download ng-star-inserted" style="cursor: pointer; font-size: 27px; float: right; margin: 5px 0px 0px 8px; color: rgb(39, 194, 233);"&gt;&lt;/em&gt; is not clickable at point (771, 53). Other element would receive the click: &lt;div _ngcontent-lfp-c58="" id="loader" class="loading"&gt;...&lt;/div&gt;
  (Session info: headless chrome=83.0.4103.116)



        </pre>
    </div>
    <!--css div popup end-->

    </td>
</tr>

<tr id='ft1.9' class='none'>
    <td class='errorCase'><div class='testcase'>test_districtwise_graph</div></td>
    <td colspan='5' align='center'>

    <!--css div popup start-->
    <a class="popup_link" onfocus='this.blur();' href="javascript:showTestDetail('div_ft1.9')" >
        error</a>

    <div id='div_ft1.9' class="popup_window">
        <div style='text-align: right; color:red;cursor:pointer'>
        <a onfocus='this.blur();' onclick="document.getElementById('div_ft1.9').style.display = 'none' " >
           [x]</a>
        </div>
        <pre>
        
ft1.9: Traceback (most recent call last):
  File "/home/chetan/Desktop/cQube/cQubeTesting/SI/Report/School_report_functional_testing.py", line 309, in test_districtwise_graph
    res = b.test_districtwise_graph()
  File "/home/chetan/Desktop/cQube/cQubeTesting/SI/Report/check_districtwise_graph.py", line 17, in test_districtwise_graph
    self.driver.find_element_by_xpath(Data.hyper).click()
  File "/home/chetan/PycharmProjects/cQubeTesting/venv/lib/python3.5/site-packages/selenium/webdriver/remote/webelement.py", line 80, in click
    self._execute(Command.CLICK_ELEMENT)
  File "/home/chetan/PycharmProjects/cQubeTesting/venv/lib/python3.5/site-packages/selenium/webdriver/remote/webelement.py", line 633, in _execute
    return self._parent.execute(command, params)
  File "/home/chetan/PycharmProjects/cQubeTesting/venv/lib/python3.5/site-packages/selenium/webdriver/remote/webdriver.py", line 321, in execute
    self.error_handler.check_response(response)
  File "/home/chetan/PycharmProjects/cQubeTesting/venv/lib/python3.5/site-packages/selenium/webdriver/remote/errorhandler.py", line 242, in check_response
    raise exception_class(message, screen, stacktrace)
selenium.common.exceptions.ElementClickInterceptedException: Message: element click intercepted: Element &lt;span _ngcontent-lfp-c58="" style="cursor: pointer; text-decoration: underline;"&gt;...&lt;/span&gt; is not clickable at point (298, 47). Other element would receive the click: &lt;div _ngcontent-lfp-c58="" id="loader" class="loading"&gt;...&lt;/div&gt;
  (Session info: headless chrome=83.0.4103.116)



        </pre>
    </div>
    <!--css div popup end-->

    </td>
</tr>

<tr id='ft1.10' class='none'>
    <td class='errorCase'><div class='testcase'>test_donwload_blockwise</div></td>
    <td colspan='5' align='center'>

    <!--css div popup start-->
    <a class="popup_link" onfocus='this.blur();' href="javascript:showTestDetail('div_ft1.10')" >
        error</a>

    <div id='div_ft1.10' class="popup_window">
        <div style='text-align: right; color:red;cursor:pointer'>
        <a onfocus='this.blur();' onclick="document.getElementById('div_ft1.10').style.display = 'none' " >
           [x]</a>
        </div>
        <pre>
        
ft1.10: Traceback (most recent call last):
  File "/home/chetan/Desktop/cQube/cQubeTesting/SI/Report/School_report_functional_testing.py", line 236, in test_donwload_blockwise
    res =b.test_block()
  File "/home/chetan/Desktop/cQube/cQubeTesting/SI/Report/download_blockwise_csv.py", line 18, in test_block
    self.driver.find_element_by_xpath(Data.hyper).click()
  File "/home/chetan/PycharmProjects/cQubeTesting/venv/lib/python3.5/site-packages/selenium/webdriver/remote/webelement.py", line 80, in click
    self._execute(Command.CLICK_ELEMENT)
  File "/home/chetan/PycharmProjects/cQubeTesting/venv/lib/python3.5/site-packages/selenium/webdriver/remote/webelement.py", line 633, in _execute
    return self._parent.execute(command, params)
  File "/home/chetan/PycharmProjects/cQubeTesting/venv/lib/python3.5/site-packages/selenium/webdriver/remote/webdriver.py", line 321, in execute
    self.error_handler.check_response(response)
  File "/home/chetan/PycharmProjects/cQubeTesting/venv/lib/python3.5/site-packages/selenium/webdriver/remote/errorhandler.py", line 242, in check_response
    raise exception_class(message, screen, stacktrace)
selenium.common.exceptions.ElementClickInterceptedException: Message: element click intercepted: Element &lt;span _ngcontent-lfp-c58="" style="cursor: pointer; text-decoration: underline;"&gt;...&lt;/span&gt; is not clickable at point (298, 47). Other element would receive the click: &lt;div _ngcontent-lfp-c58="" id="loader" class="loading"&gt;...&lt;/div&gt;
  (Session info: headless chrome=83.0.4103.116)



        </pre>
    </div>
    <!--css div popup end-->

    </td>
</tr>

<tr id='ft1.11' class='none'>
    <td class='errorCase'><div class='testcase'>test_download_district_wise</div></td>
    <td colspan='5' align='center'>

    <!--css div popup start-->
    <a class="popup_link" onfocus='this.blur();' href="javascript:showTestDetail('div_ft1.11')" >
        error</a>

    <div id='div_ft1.11' class="popup_window">
        <div style='text-align: right; color:red;cursor:pointer'>
        <a onfocus='this.blur();' onclick="document.getElementById('div_ft1.11').style.display = 'none' " >
           [x]</a>
        </div>
        <pre>
        
ft1.11: Traceback (most recent call last):
  File "/home/chetan/Desktop/cQube/cQubeTesting/SI/Report/School_report_functional_testing.py", line 99, in test_download_district_wise
    path =b.test_schools()
  File "/home/chetan/Desktop/cQube/cQubeTesting/SI/Report/check_table_data_metrics.py", line 20, in test_schools
    self.driver.find_element_by_xpath(Data.hyper).click()
  File "/home/chetan/PycharmProjects/cQubeTesting/venv/lib/python3.5/site-packages/selenium/webdriver/remote/webelement.py", line 80, in click
    self._execute(Command.CLICK_ELEMENT)
  File "/home/chetan/PycharmProjects/cQubeTesting/venv/lib/python3.5/site-packages/selenium/webdriver/remote/webelement.py", line 633, in _execute
    return self._parent.execute(command, params)
  File "/home/chetan/PycharmProjects/cQubeTesting/venv/lib/python3.5/site-packages/selenium/webdriver/remote/webdriver.py", line 321, in execute
    self.error_handler.check_response(response)
  File "/home/chetan/PycharmProjects/cQubeTesting/venv/lib/python3.5/site-packages/selenium/webdriver/remote/errorhandler.py", line 242, in check_response
    raise exception_class(message, screen, stacktrace)
selenium.common.exceptions.ElementClickInterceptedException: Message: element click intercepted: Element &lt;span _ngcontent-lfp-c58="" style="cursor: pointer; text-decoration: underline;"&gt;...&lt;/span&gt; is not clickable at point (298, 47). Other element would receive the click: &lt;div _ngcontent-lfp-c58="" id="loader" class="loading"&gt;...&lt;/div&gt;
  (Session info: headless chrome=83.0.4103.116)



        </pre>
    </div>
    <!--css div popup end-->

    </td>
</tr>

<tr id='ft1.12' class='none'>
    <td class='errorCase'><div class='testcase'>test_download_districtwise</div></td>
    <td colspan='5' align='center'>

    <!--css div popup start-->
    <a class="popup_link" onfocus='this.blur();' href="javascript:showTestDetail('div_ft1.12')" >
        error</a>

    <div id='div_ft1.12' class="popup_window">
        <div style='text-align: right; color:red;cursor:pointer'>
        <a onfocus='this.blur();' onclick="document.getElementById('div_ft1.12').style.display = 'none' " >
           [x]</a>
        </div>
        <pre>
        
ft1.12: Traceback (most recent call last):
  File "/home/chetan/Desktop/cQube/cQubeTesting/SI/Report/School_report_functional_testing.py", line 268, in test_download_districtwise
    res = b.test_districtwise()
  File "/home/chetan/Desktop/cQube/cQubeTesting/SI/Report/download_districtwise_csv.py", line 18, in test_districtwise
    self.driver.find_element_by_xpath(Data.hyper).click()
  File "/home/chetan/PycharmProjects/cQubeTesting/venv/lib/python3.5/site-packages/selenium/webdriver/remote/webelement.py", line 80, in click
    self._execute(Command.CLICK_ELEMENT)
  File "/home/chetan/PycharmProjects/cQubeTesting/venv/lib/python3.5/site-packages/selenium/webdriver/remote/webelement.py", line 633, in _execute
    return self._parent.execute(command, params)
  File "/home/chetan/PycharmProjects/cQubeTesting/venv/lib/python3.5/site-packages/selenium/webdriver/remote/webdriver.py", line 321, in execute
    self.error_handler.check_response(response)
  File "/home/chetan/PycharmProjects/cQubeTesting/venv/lib/python3.5/site-packages/selenium/webdriver/remote/errorhandler.py", line 242, in check_response
    raise exception_class(message, screen, stacktrace)
selenium.common.exceptions.ElementClickInterceptedException: Message: element click intercepted: Element &lt;span _ngcontent-lfp-c58="" style="cursor: pointer; text-decoration: underline;"&gt;...&lt;/span&gt; is not clickable at point (298, 47). Other element would receive the click: &lt;div _ngcontent-lfp-c58="" id="loader" class="loading"&gt;...&lt;/div&gt;
  (Session info: headless chrome=83.0.4103.116)



        </pre>
    </div>
    <!--css div popup end-->

    </td>
</tr>

<tr id='ft1.13' class='none'>
    <td class='errorCase'><div class='testcase'>test_graph</div></td>
    <td colspan='5' align='center'>

    <!--css div popup start-->
    <a class="popup_link" onfocus='this.blur();' href="javascript:showTestDetail('div_ft1.13')" >
        error</a>

    <div id='div_ft1.13' class="popup_window">
        <div style='text-align: right; color:red;cursor:pointer'>
        <a onfocus='this.blur();' onclick="document.getElementById('div_ft1.13').style.display = 'none' " >
           [x]</a>
        </div>
        <pre>
        
ft1.13: Traceback (most recent call last):
  File "/home/chetan/Desktop/cQube/cQubeTesting/SI/Report/School_report_functional_testing.py", line 73, in test_graph
    res = b.test_graph()
  File "/home/chetan/Desktop/cQube/cQubeTesting/SI/Report/check_graph_present_on_school_infra.py", line 13, in test_graph
    self.driver.find_element_by_xpath(Data.hyper).click()
  File "/home/chetan/PycharmProjects/cQubeTesting/venv/lib/python3.5/site-packages/selenium/webdriver/remote/webelement.py", line 80, in click
    self._execute(Command.CLICK_ELEMENT)
  File "/home/chetan/PycharmProjects/cQubeTesting/venv/lib/python3.5/site-packages/selenium/webdriver/remote/webelement.py", line 633, in _execute
    return self._parent.execute(command, params)
  File "/home/chetan/PycharmProjects/cQubeTesting/venv/lib/python3.5/site-packages/selenium/webdriver/remote/webdriver.py", line 321, in execute
    self.error_handler.check_response(response)
  File "/home/chetan/PycharmProjects/cQubeTesting/venv/lib/python3.5/site-packages/selenium/webdriver/remote/errorhandler.py", line 242, in check_response
    raise exception_class(message, screen, stacktrace)
selenium.common.exceptions.ElementClickInterceptedException: Message: element click intercepted: Element &lt;span _ngcontent-lfp-c58="" style="cursor: pointer; text-decoration: underline;"&gt;...&lt;/span&gt; is not clickable at point (298, 47). Other element would receive the click: &lt;div _ngcontent-lfp-c58="" id="loader" class="loading"&gt;...&lt;/div&gt;
  (Session info: headless chrome=83.0.4103.116)



        </pre>
    </div>
    <!--css div popup end-->

    </td>
</tr>

<tr id='ft1.14' class='none'>
    <td class='errorCase'><div class='testcase'>test_home</div></td>
    <td colspan='5' align='center'>

    <!--css div popup start-->
    <a class="popup_link" onfocus='this.blur();' href="javascript:showTestDetail('div_ft1.14')" >
        error</a>

    <div id='div_ft1.14' class="popup_window">
        <div style='text-align: right; color:red;cursor:pointer'>
        <a onfocus='this.blur();' onclick="document.getElementById('div_ft1.14').style.display = 'none' " >
           [x]</a>
        </div>
        <pre>
        
ft1.14: Traceback (most recent call last):
  File "/home/chetan/Desktop/cQube/cQubeTesting/SI/Report/School_report_functional_testing.py", line 82, in test_home
    res = b.test_home()
  File "/home/chetan/Desktop/cQube/cQubeTesting/SI/Report/check_homebtn.py", line 15, in test_home
    self.driver.find_element_by_xpath(Data.hyper).click()
  File "/home/chetan/PycharmProjects/cQubeTesting/venv/lib/python3.5/site-packages/selenium/webdriver/remote/webelement.py", line 80, in click
    self._execute(Command.CLICK_ELEMENT)
  File "/home/chetan/PycharmProjects/cQubeTesting/venv/lib/python3.5/site-packages/selenium/webdriver/remote/webelement.py", line 633, in _execute
    return self._parent.execute(command, params)
  File "/home/chetan/PycharmProjects/cQubeTesting/venv/lib/python3.5/site-packages/selenium/webdriver/remote/webdriver.py", line 321, in execute
    self.error_handler.check_response(response)
  File "/home/chetan/PycharmProjects/cQubeTesting/venv/lib/python3.5/site-packages/selenium/webdriver/remote/errorhandler.py", line 242, in check_response
    raise exception_class(message, screen, stacktrace)
selenium.common.exceptions.ElementClickInterceptedException: Message: element click intercepted: Element &lt;span _ngcontent-lfp-c58="" style="cursor: pointer; text-decoration: underline;"&gt;...&lt;/span&gt; is not clickable at point (298, 47). Other element would receive the click: &lt;div _ngcontent-lfp-c58="" id="loader" class="loading"&gt;...&lt;/div&gt;
  (Session info: headless chrome=83.0.4103.116)



        </pre>
    </div>
    <!--css div popup end-->

    </td>
</tr>

<tr id='ft1.15' class='none'>
    <td class='errorCase'><div class='testcase'>test_logout</div></td>
    <td colspan='5' align='center'>

    <!--css div popup start-->
    <a class="popup_link" onfocus='this.blur();' href="javascript:showTestDetail('div_ft1.15')" >
        error</a>

    <div id='div_ft1.15' class="popup_window">
        <div style='text-align: right; color:red;cursor:pointer'>
        <a onfocus='this.blur();' onclick="document.getElementById('div_ft1.15').style.display = 'none' " >
           [x]</a>
        </div>
        <pre>
        
ft1.15: Traceback (most recent call last):
  File "/home/chetan/Desktop/cQube/cQubeTesting/SI/Report/School_report_functional_testing.py", line 296, in test_logout
    res = b.test_logout()
  File "/home/chetan/Desktop/cQube/cQubeTesting/SI/Report/navigate_to_schoolinfra_and_click_on_logout.py", line 12, in test_logout
    self.driver.find_element_by_xpath(Data.hyper).click()
  File "/home/chetan/PycharmProjects/cQubeTesting/venv/lib/python3.5/site-packages/selenium/webdriver/remote/webelement.py", line 80, in click
    self._execute(Command.CLICK_ELEMENT)
  File "/home/chetan/PycharmProjects/cQubeTesting/venv/lib/python3.5/site-packages/selenium/webdriver/remote/webelement.py", line 633, in _execute
    return self._parent.execute(command, params)
  File "/home/chetan/PycharmProjects/cQubeTesting/venv/lib/python3.5/site-packages/selenium/webdriver/remote/webdriver.py", line 321, in execute
    self.error_handler.check_response(response)
  File "/home/chetan/PycharmProjects/cQubeTesting/venv/lib/python3.5/site-packages/selenium/webdriver/remote/errorhandler.py", line 242, in check_response
    raise exception_class(message, screen, stacktrace)
selenium.common.exceptions.ElementClickInterceptedException: Message: element click intercepted: Element &lt;span _ngcontent-lfp-c58="" style="cursor: pointer; text-decoration: underline;"&gt;...&lt;/span&gt; is not clickable at point (298, 47). Other element would receive the click: &lt;div _ngcontent-lfp-c58="" id="loader" class="loading"&gt;...&lt;/div&gt;
  (Session info: headless chrome=83.0.4103.116)



        </pre>
    </div>
    <!--css div popup end-->

    </td>
</tr>

<tr id='ft1.16' class='none'>
    <td class='errorCase'><div class='testcase'>test_plotvalue</div></td>
    <td colspan='5' align='center'>

    <!--css div popup start-->
    <a class="popup_link" onfocus='this.blur();' href="javascript:showTestDetail('div_ft1.16')" >
        error</a>

    <div id='div_ft1.16' class="popup_window">
        <div style='text-align: right; color:red;cursor:pointer'>
        <a onfocus='this.blur();' onclick="document.getElementById('div_ft1.16').style.display = 'none' " >
           [x]</a>
        </div>
        <pre>
        
ft1.16: Traceback (most recent call last):
  File "/home/chetan/Desktop/cQube/cQubeTesting/SI/Report/School_report_functional_testing.py", line 227, in test_plotvalue
    res = b.test_plots()
  File "/home/chetan/Desktop/cQube/cQubeTesting/SI/Report/Click_on_xaxis_and_yaxis.py", line 16, in test_plots
    self.driver.find_element_by_xpath(Data.hyper).click()
  File "/home/chetan/PycharmProjects/cQubeTesting/venv/lib/python3.5/site-packages/selenium/webdriver/remote/webelement.py", line 80, in click
    self._execute(Command.CLICK_ELEMENT)
  File "/home/chetan/PycharmProjects/cQubeTesting/venv/lib/python3.5/site-packages/selenium/webdriver/remote/webelement.py", line 633, in _execute
    return self._parent.execute(command, params)
  File "/home/chetan/PycharmProjects/cQubeTesting/venv/lib/python3.5/site-packages/selenium/webdriver/remote/webdriver.py", line 321, in execute
    self.error_handler.check_response(response)
  File "/home/chetan/PycharmProjects/cQubeTesting/venv/lib/python3.5/site-packages/selenium/webdriver/remote/errorhandler.py", line 242, in check_response
    raise exception_class(message, screen, stacktrace)
selenium.common.exceptions.ElementClickInterceptedException: Message: element click intercepted: Element &lt;span _ngcontent-lfp-c58="" style="cursor: pointer; text-decoration: underline;"&gt;...&lt;/span&gt; is not clickable at point (298, 47). Other element would receive the click: &lt;div _ngcontent-lfp-c58="" id="loader" class="loading"&gt;...&lt;/div&gt;
  (Session info: headless chrome=83.0.4103.116)



        </pre>
    </div>
    <!--css div popup end-->

    </td>
</tr>

<tr id='ft1.17' class='none'>
    <td class='errorCase'><div class='testcase'>test_sc_scator_blockwise</div></td>
    <td colspan='5' align='center'>

    <!--css div popup start-->
    <a class="popup_link" onfocus='this.blur();' href="javascript:showTestDetail('div_ft1.17')" >
        error</a>

    <div id='div_ft1.17' class="popup_window">
        <div style='text-align: right; color:red;cursor:pointer'>
        <a onfocus='this.blur();' onclick="document.getElementById('div_ft1.17').style.display = 'none' " >
           [x]</a>
        </div>
        <pre>
        
ft1.17: Traceback (most recent call last):
  File "/home/chetan/Desktop/cQube/cQubeTesting/SI/Report/School_report_functional_testing.py", line 350, in test_sc_scator_blockwise
    result = b.test_blockwise()
  File "/home/chetan/Desktop/cQube/cQubeTesting/SI/Report/check_sc_scattor_blockwise_records.py", line 22, in test_blockwise
    self.driver.find_element_by_xpath(Data.hyper_link).click()
  File "/home/chetan/PycharmProjects/cQubeTesting/venv/lib/python3.5/site-packages/selenium/webdriver/remote/webelement.py", line 80, in click
    self._execute(Command.CLICK_ELEMENT)
  File "/home/chetan/PycharmProjects/cQubeTesting/venv/lib/python3.5/site-packages/selenium/webdriver/remote/webelement.py", line 633, in _execute
    return self._parent.execute(command, params)
  File "/home/chetan/PycharmProjects/cQubeTesting/venv/lib/python3.5/site-packages/selenium/webdriver/remote/webdriver.py", line 321, in execute
    self.error_handler.check_response(response)
  File "/home/chetan/PycharmProjects/cQubeTesting/venv/lib/python3.5/site-packages/selenium/webdriver/remote/errorhandler.py", line 242, in check_response
    raise exception_class(message, screen, stacktrace)
selenium.common.exceptions.ElementClickInterceptedException: Message: element click intercepted: Element &lt;span _ngcontent-lfp-c58="" style="cursor: pointer; text-decoration: underline;"&gt;...&lt;/span&gt; is not clickable at point (298, 47). Other element would receive the click: &lt;div _ngcontent-lfp-c58="" id="loader" class="loading"&gt;...&lt;/div&gt;
  (Session info: headless chrome=83.0.4103.116)



        </pre>
    </div>
    <!--css div popup end-->

    </td>
</tr>

<tr id='ft1.18' class='none'>
    <td class='errorCase'><div class='testcase'>test_school_report</div></td>
    <td colspan='5' align='center'>

    <!--css div popup start-->
    <a class="popup_link" onfocus='this.blur();' href="javascript:showTestDetail('div_ft1.18')" >
        error</a>

    <div id='div_ft1.18' class="popup_window">
        <div style='text-align: right; color:red;cursor:pointer'>
        <a onfocus='this.blur();' onclick="document.getElementById('div_ft1.18').style.display = 'none' " >
           [x]</a>
        </div>
        <pre>
        
ft1.18: Traceback (most recent call last):
  File "/home/chetan/Desktop/cQube/cQubeTesting/SI/Report/School_report_functional_testing.py", line 207, in test_school_report
    res = b.test_report()
  File "/home/chetan/Desktop/cQube/cQubeTesting/SI/Report/click_on_Report_from_scinfra.py", line 15, in test_report
    self.driver.find_element_by_xpath(Data.hyper).click()
  File "/home/chetan/PycharmProjects/cQubeTesting/venv/lib/python3.5/site-packages/selenium/webdriver/remote/webelement.py", line 80, in click
    self._execute(Command.CLICK_ELEMENT)
  File "/home/chetan/PycharmProjects/cQubeTesting/venv/lib/python3.5/site-packages/selenium/webdriver/remote/webelement.py", line 633, in _execute
    return self._parent.execute(command, params)
  File "/home/chetan/PycharmProjects/cQubeTesting/venv/lib/python3.5/site-packages/selenium/webdriver/remote/webdriver.py", line 321, in execute
    self.error_handler.check_response(response)
  File "/home/chetan/PycharmProjects/cQubeTesting/venv/lib/python3.5/site-packages/selenium/webdriver/remote/errorhandler.py", line 242, in check_response
    raise exception_class(message, screen, stacktrace)
selenium.common.exceptions.ElementClickInterceptedException: Message: element click intercepted: Element &lt;span _ngcontent-lfp-c58="" style="cursor: pointer; text-decoration: underline;"&gt;...&lt;/span&gt; is not clickable at point (298, 47). Other element would receive the click: &lt;div _ngcontent-lfp-c58="" id="loader" class="loading"&gt;...&lt;/div&gt;
  (Session info: headless chrome=83.0.4103.116)



        </pre>
    </div>
    <!--css div popup end-->

    </td>
</tr>

<tr id='ft1.19' class='none'>
    <td class='errorCase'><div class='testcase'>test_schoolreport</div></td>
    <td colspan='5' align='center'>

    <!--css div popup start-->
    <a class="popup_link" onfocus='this.blur();' href="javascript:showTestDetail('div_ft1.19')" >
        error</a>

    <div id='div_ft1.19' class="popup_window">
        <div style='text-align: right; color:red;cursor:pointer'>
        <a onfocus='this.blur();' onclick="document.getElementById('div_ft1.19').style.display = 'none' " >
           [x]</a>
        </div>
        <pre>
        
ft1.19: Traceback (most recent call last):
  File "/home/chetan/Desktop/cQube/cQubeTesting/SI/Report/School_report_functional_testing.py", line 279, in test_schoolreport
    res =b.test_url()
  File "/home/chetan/Desktop/cQube/cQubeTesting/SI/Report/navigate_to_SI_report.py", line 12, in test_url
    self.driver.find_element_by_xpath(Data.hyper).click()
  File "/home/chetan/PycharmProjects/cQubeTesting/venv/lib/python3.5/site-packages/selenium/webdriver/remote/webelement.py", line 80, in click
    self._execute(Command.CLICK_ELEMENT)
  File "/home/chetan/PycharmProjects/cQubeTesting/venv/lib/python3.5/site-packages/selenium/webdriver/remote/webelement.py", line 633, in _execute
    return self._parent.execute(command, params)
  File "/home/chetan/PycharmProjects/cQubeTesting/venv/lib/python3.5/site-packages/selenium/webdriver/remote/webdriver.py", line 321, in execute
    self.error_handler.check_response(response)
  File "/home/chetan/PycharmProjects/cQubeTesting/venv/lib/python3.5/site-packages/selenium/webdriver/remote/errorhandler.py", line 242, in check_response
    raise exception_class(message, screen, stacktrace)
selenium.common.exceptions.ElementClickInterceptedException: Message: element click intercepted: Element &lt;span _ngcontent-lfp-c58="" style="cursor: pointer; text-decoration: underline;"&gt;...&lt;/span&gt; is not clickable at point (298, 47). Other element would receive the click: &lt;div _ngcontent-lfp-c58="" id="loader" class="loading"&gt;...&lt;/div&gt;
  (Session info: headless chrome=83.0.4103.116)



        </pre>
    </div>
    <!--css div popup end-->

    </td>
</tr>

<tr id='ft1.20' class='none'>
    <td class='errorCase'><div class='testcase'>test_tabledata</div></td>
    <td colspan='5' align='center'>

    <!--css div popup start-->
    <a class="popup_link" onfocus='this.blur();' href="javascript:showTestDetail('div_ft1.20')" >
        error</a>

    <div id='div_ft1.20' class="popup_window">
        <div style='text-align: right; color:red;cursor:pointer'>
        <a onfocus='this.blur();' onclick="document.getElementById('div_ft1.20').style.display = 'none' " >
           [x]</a>
        </div>
        <pre>
        
ft1.20: Traceback (most recent call last):
  File "/home/chetan/Desktop/cQube/cQubeTesting/SI/Report/School_report_functional_testing.py", line 123, in test_tabledata
    res = b.test_graph_and_table_present_on_school_infra()
  File "/home/chetan/Desktop/cQube/cQubeTesting/SI/Report/check_table_present_on_schoolinfra.py", line 16, in test_graph_and_table_present_on_school_infra
    self.driver.find_element_by_xpath(Data.hyper).click()
  File "/home/chetan/PycharmProjects/cQubeTesting/venv/lib/python3.5/site-packages/selenium/webdriver/remote/webelement.py", line 80, in click
    self._execute(Command.CLICK_ELEMENT)
  File "/home/chetan/PycharmProjects/cQubeTesting/venv/lib/python3.5/site-packages/selenium/webdriver/remote/webelement.py", line 633, in _execute
    return self._parent.execute(command, params)
  File "/home/chetan/PycharmProjects/cQubeTesting/venv/lib/python3.5/site-packages/selenium/webdriver/remote/webdriver.py", line 321, in execute
    self.error_handler.check_response(response)
  File "/home/chetan/PycharmProjects/cQubeTesting/venv/lib/python3.5/site-packages/selenium/webdriver/remote/errorhandler.py", line 242, in check_response
    raise exception_class(message, screen, stacktrace)
selenium.common.exceptions.ElementClickInterceptedException: Message: element click intercepted: Element &lt;span _ngcontent-lfp-c58="" style="cursor: pointer; text-decoration: underline;"&gt;...&lt;/span&gt; is not clickable at point (298, 47). Other element would receive the click: &lt;div _ngcontent-lfp-c58="" id="loader" class="loading"&gt;...&lt;/div&gt;
  (Session info: headless chrome=83.0.4103.116)



        </pre>
    </div>
    <!--css div popup end-->

    </td>
</tr>

<tr id='ft1.21' class='none'>
    <td class='errorCase'><div class='testcase'>test_tabledata_districtwise</div></td>
    <td colspan='5' align='center'>

    <!--css div popup start-->
    <a class="popup_link" onfocus='this.blur();' href="javascript:showTestDetail('div_ft1.21')" >
        error</a>

    <div id='div_ft1.21' class="popup_window">
        <div style='text-align: right; color:red;cursor:pointer'>
        <a onfocus='this.blur();' onclick="document.getElementById('div_ft1.21').style.display = 'none' " >
           [x]</a>
        </div>
        <pre>
        
ft1.21: Traceback (most recent call last):
  File "/home/chetan/Desktop/cQube/cQubeTesting/SI/Report/School_report_functional_testing.py", line 160, in test_tabledata_districtwise
    res = b.test_table_data()
  File "/home/chetan/Desktop/cQube/cQubeTesting/SI/Report/check_tabledata_by_selecting_districts.py", line 18, in test_table_data
    self.driver.find_element_by_xpath(Data.hyper).click()
  File "/home/chetan/PycharmProjects/cQubeTesting/venv/lib/python3.5/site-packages/selenium/webdriver/remote/webelement.py", line 80, in click
    self._execute(Command.CLICK_ELEMENT)
  File "/home/chetan/PycharmProjects/cQubeTesting/venv/lib/python3.5/site-packages/selenium/webdriver/remote/webelement.py", line 633, in _execute
    return self._parent.execute(command, params)
  File "/home/chetan/PycharmProjects/cQubeTesting/venv/lib/python3.5/site-packages/selenium/webdriver/remote/webdriver.py", line 321, in execute
    self.error_handler.check_response(response)
  File "/home/chetan/PycharmProjects/cQubeTesting/venv/lib/python3.5/site-packages/selenium/webdriver/remote/errorhandler.py", line 242, in check_response
    raise exception_class(message, screen, stacktrace)
selenium.common.exceptions.ElementClickInterceptedException: Message: element click intercepted: Element &lt;span _ngcontent-lfp-c58="" style="cursor: pointer; text-decoration: underline;"&gt;...&lt;/span&gt; is not clickable at point (298, 47). Other element would receive the click: &lt;div _ngcontent-lfp-c58="" id="loader" class="loading"&gt;...&lt;/div&gt;
  (Session info: headless chrome=83.0.4103.116)



        </pre>
    </div>
    <!--css div popup end-->

    </td>
</tr>

<tr id='total_row'>
    <td>Total</td>
    <td>21</td>
    <td>2</td>
    <td>0</td>
    <td>19</td>
    <td>&nbsp;</td>
</tr>
</table>

<div id='ending'>&nbsp;</div>

</body>
</html>
